[2020-12-01 18:30:16.839] [exthost] [info] extension host started
[2020-12-01 18:30:16.984] [exthost] [info] ExtensionService#_doActivateExtension vscode.microsoft-authentication {"startup":false,"extensionId":{"value":"vscode.microsoft-authentication","_lower":"vscode.microsoft-authentication"},"activationEvent":"onAuthenticationRequest:microsoft"}
[2020-12-01 18:30:16.985] [exthost] [info] ExtensionService#loadCommonJSModule file:///usr/share/code/resources/app/extensions/microsoft-authentication/dist/extension.js
[2020-12-01 18:30:17.006] [exthost] [info] ExtensionService#_doActivateExtension aaron-bond.better-comments {"startup":false,"extensionId":{"value":"aaron-bond.better-comments","_lower":"aaron-bond.better-comments"},"activationEvent":"onLanguage:plaintext"}
[2020-12-01 18:30:17.006] [exthost] [info] ExtensionService#loadCommonJSModule file:///root/.vscode/extensions/aaron-bond.better-comments-2.1.0/out/extension
[2020-12-01 18:30:17.008] [exthost] [info] ExtensionService#_doActivateExtension ms-vscode.js-debug {"startup":false,"extensionId":{"value":"ms-vscode.js-debug","_lower":"ms-vscode.js-debug"},"activationEvent":"onDebugDynamicConfigurations"}
[2020-12-01 18:30:17.008] [exthost] [info] ExtensionService#loadCommonJSModule file:///usr/share/code/resources/app/extensions/ms-vscode.js-debug/src/extension.js
[2020-12-01 18:30:17.442] [exthost] [info] ExtensionService#_doActivateExtension vscode.debug-auto-launch {"startup":true,"extensionId":{"value":"vscode.debug-auto-launch","_lower":"vscode.debug-auto-launch"},"activationEvent":"*"}
[2020-12-01 18:30:17.442] [exthost] [info] ExtensionService#loadCommonJSModule file:///usr/share/code/resources/app/extensions/debug-auto-launch/dist/extension
[2020-12-01 18:30:17.444] [exthost] [info] ExtensionService#_doActivateExtension vscode.emmet {"startup":true,"extensionId":{"value":"vscode.emmet","_lower":"vscode.emmet"},"activationEvent":"*"}
[2020-12-01 18:30:17.445] [exthost] [info] ExtensionService#loadCommonJSModule file:///usr/share/code/resources/app/extensions/emmet/dist/node/emmetNodeMain
[2020-12-01 18:30:17.464] [exthost] [info] ExtensionService#_doActivateExtension vscode.git {"startup":true,"extensionId":{"value":"vscode.github","_lower":"vscode.github"},"activationEvent":"*"}
[2020-12-01 18:30:17.464] [exthost] [info] ExtensionService#loadCommonJSModule file:///usr/share/code/resources/app/extensions/git/dist/main
[2020-12-01 18:30:17.505] [exthost] [info] ExtensionService#_doActivateExtension vscode.merge-conflict {"startup":true,"extensionId":{"value":"vscode.merge-conflict","_lower":"vscode.merge-conflict"},"activationEvent":"*"}
[2020-12-01 18:30:17.506] [exthost] [info] ExtensionService#loadCommonJSModule file:///usr/share/code/resources/app/extensions/merge-conflict/dist/mergeConflictMain
[2020-12-01 18:30:17.508] [exthost] [info] ExtensionService#_doActivateExtension vscode.search-result {"startup":true,"extensionId":{"value":"vscode.search-result","_lower":"vscode.search-result"},"activationEvent":"*"}
[2020-12-01 18:30:17.508] [exthost] [info] ExtensionService#loadCommonJSModule file:///usr/share/code/resources/app/extensions/search-result/dist/extension.js
[2020-12-01 18:30:17.510] [exthost] [info] ExtensionService#_doActivateExtension CoenraadS.bracket-pair-colorizer-2 {"startup":true,"extensionId":{"value":"CoenraadS.bracket-pair-colorizer-2","_lower":"coenraads.bracket-pair-colorizer-2"},"activationEvent":"*"}
[2020-12-01 18:30:17.510] [exthost] [info] ExtensionService#loadCommonJSModule file:///root/.vscode/extensions/coenraads.bracket-pair-colorizer-2-0.2.0/out/src/extension
[2020-12-01 18:30:17.525] [exthost] [info] ExtensionService#_doActivateExtension eamodio.gitlens {"startup":true,"extensionId":{"value":"eamodio.gitlens","_lower":"eamodio.gitlens"},"activationEvent":"*"}
[2020-12-01 18:30:17.526] [exthost] [info] ExtensionService#loadCommonJSModule file:///root/.vscode/extensions/eamodio.gitlens-10.2.3/dist/extension
[2020-12-01 18:30:17.618] [exthost] [info] ExtensionService#_doActivateExtension EditorConfig.EditorConfig {"startup":true,"extensionId":{"value":"EditorConfig.EditorConfig","_lower":"editorconfig.editorconfig"},"activationEvent":"*"}
[2020-12-01 18:30:17.619] [exthost] [info] ExtensionService#loadCommonJSModule file:///root/.vscode/extensions/editorconfig.editorconfig-0.15.1/out/editorConfigMain.js
[2020-12-01 18:30:17.636] [exthost] [info] ExtensionService#_doActivateExtension emeraldwalk.RunOnSave {"startup":true,"extensionId":{"value":"emeraldwalk.RunOnSave","_lower":"emeraldwalk.runonsave"},"activationEvent":"*"}
[2020-12-01 18:30:17.636] [exthost] [info] ExtensionService#loadCommonJSModule file:///root/.vscode/extensions/emeraldwalk.runonsave-0.2.0/out/src/extension
[2020-12-01 18:30:17.637] [exthost] [info] ExtensionService#_doActivateExtension hbenl.vscode-test-explorer {"startup":true,"extensionId":{"value":"hbenl.vscode-test-explorer-liveshare","_lower":"hbenl.vscode-test-explorer-liveshare"},"activationEvent":"*"}
[2020-12-01 18:30:17.637] [exthost] [info] ExtensionService#loadCommonJSModule file:///root/.vscode/extensions/hbenl.vscode-test-explorer-2.19.3/out/main.js
[2020-12-01 18:30:17.658] [exthost] [info] ExtensionService#_doActivateExtension ms-vsliveshare.vsliveshare {"startup":true,"extensionId":{"value":"ms-vsliveshare.vsliveshare-audio","_lower":"ms-vsliveshare.vsliveshare-audio"},"activationEvent":"*"}
[2020-12-01 18:30:17.658] [exthost] [info] ExtensionService#loadCommonJSModule file:///root/.vscode/extensions/ms-vsliveshare.vsliveshare-1.0.3206/out/prod/extension-prod
[2020-12-01 18:30:17.960] [exthost] [info] ExtensionService#_doActivateExtension kiteco.kite {"startup":true,"extensionId":{"value":"kiteco.kite","_lower":"kiteco.kite"},"activationEvent":"*"}
[2020-12-01 18:30:17.960] [exthost] [info] ExtensionService#loadCommonJSModule file:///root/.vscode/extensions/kiteco.kite-0.135.0/dist/kite-extension
[2020-12-01 18:30:17.983] [exthost] [info] ExtensionService#_doActivateExtension natqe.reload {"startup":true,"extensionId":{"value":"natqe.reload","_lower":"natqe.reload"},"activationEvent":"*"}
[2020-12-01 18:30:17.983] [exthost] [info] ExtensionService#loadCommonJSModule file:///root/.vscode/extensions/natqe.reload-0.0.6/out/extension
[2020-12-01 18:30:17.984] [exthost] [info] ExtensionService#_doActivateExtension Shan.code-settings-sync {"startup":true,"extensionId":{"value":"Shan.code-settings-sync","_lower":"shan.code-settings-sync"},"activationEvent":"*"}
[2020-12-01 18:30:17.984] [exthost] [info] ExtensionService#loadCommonJSModule file:///root/.vscode/extensions/shan.code-settings-sync-3.4.3/out/extension.js
[2020-12-01 18:30:18.064] [exthost] [info] ExtensionService#_doActivateExtension spywhere.guides {"startup":true,"extensionId":{"value":"spywhere.guides","_lower":"spywhere.guides"},"activationEvent":"*"}
[2020-12-01 18:30:18.064] [exthost] [info] ExtensionService#loadCommonJSModule file:///root/.vscode/extensions/spywhere.guides-0.9.3/out/extension
[2020-12-01 18:30:18.212] [exthost] [info] ExtensionService#_doActivateExtension streetsidesoftware.code-spell-checker {"startup":true,"extensionId":{"value":"streetsidesoftware.code-spell-checker","_lower":"streetsidesoftware.code-spell-checker"},"activationEvent":"*"}
[2020-12-01 18:30:18.212] [exthost] [info] ExtensionService#loadCommonJSModule file:///root/.vscode/extensions/streetsidesoftware.code-spell-checker-1.9.2/dist/extension
[2020-12-01 18:30:18.245] [exthost] [info] ExtensionService#_doActivateExtension TabNine.tabnine-vscode {"startup":true,"extensionId":{"value":"TabNine.tabnine-vscode","_lower":"tabnine.tabnine-vscode"},"activationEvent":"*"}
[2020-12-01 18:30:18.245] [exthost] [info] ExtensionService#loadCommonJSModule file:///root/.vscode/extensions/tabnine.tabnine-vscode-3.1.13/out/extension
[2020-12-01 18:30:18.357] [exthost] [info] ExtensionService#_doActivateExtension vscode.npm {"startup":true,"extensionId":{"value":"vscode.npm","_lower":"vscode.npm"},"activationEvent":"workspaceContains:package.json"}
[2020-12-01 18:30:18.357] [exthost] [info] ExtensionService#loadCommonJSModule file:///usr/share/code/resources/app/extensions/npm/dist/npmMain
[2020-12-01 18:30:18.366] [exthost] [info] ExtensionService#_doActivateExtension prashaantt.node-tdd {"startup":true,"extensionId":{"value":"prashaantt.node-tdd","_lower":"prashaantt.node-tdd"},"activationEvent":"workspaceContains:package.json"}
[2020-12-01 18:30:18.366] [exthost] [info] ExtensionService#loadCommonJSModule file:///root/.vscode/extensions/prashaantt.node-tdd-0.2.4/out/src/extension
[2020-12-01 18:30:18.454] [exthost] [info] ExtensionService#_doActivateExtension yzhang.markdown-all-in-one {"startup":true,"extensionId":{"value":"yzhang.markdown-all-in-one","_lower":"yzhang.markdown-all-in-one"},"activationEvent":"workspaceContains:README.md"}
[2020-12-01 18:30:18.454] [exthost] [info] ExtensionService#loadCommonJSModule file:///root/.vscode/extensions/yzhang.markdown-all-in-one-3.4.0/dist/extension
[2020-12-01 18:30:19.970] [exthost] [info] ExtensionService#_doActivateExtension vscode.configuration-editing {"startup":false,"extensionId":{"value":"vscode.configuration-editing","_lower":"vscode.configuration-editing"},"activationEvent":"onLanguage:jsonc"}
[2020-12-01 18:30:19.977] [exthost] [info] ExtensionService#loadCommonJSModule file:///usr/share/code/resources/app/extensions/configuration-editing/dist/configurationEditingMain
[2020-12-01 18:30:19.989] [exthost] [info] ExtensionService#_doActivateExtension vscode.json-language-features {"startup":false,"extensionId":{"value":"vscode.json-language-features","_lower":"vscode.json-language-features"},"activationEvent":"onLanguage:jsonc"}
[2020-12-01 18:30:19.989] [exthost] [info] ExtensionService#loadCommonJSModule file:///usr/share/code/resources/app/extensions/json-language-features/client/dist/node/jsonClientMain
[2020-12-01 18:30:20.098] [exthost] [info] ExtensionService#_doActivateExtension vscode.typescript-language-features {"startup":false,"extensionId":{"value":"vscode.typescript-language-features","_lower":"vscode.typescript-language-features"},"activationEvent":"onLanguage:jsonc"}
[2020-12-01 18:30:20.102] [exthost] [info] ExtensionService#loadCommonJSModule file:///usr/share/code/resources/app/extensions/typescript-language-features/dist/extension
[2020-12-01 18:30:21.484] [exthost] [info] ExtensionService#_doActivateExtension vscode.github-authentication {"startup":false,"extensionId":{"value":"vscode.github-authentication","_lower":"vscode.github-authentication"},"activationEvent":"onAuthenticationRequest:github"}
[2020-12-01 18:30:21.485] [exthost] [info] ExtensionService#loadCommonJSModule file:///usr/share/code/resources/app/extensions/github-authentication/dist/extension.js
[2020-12-01 18:30:23.174] [exthost] [error] Activating extension ms-vsliveshare.vsliveshare failed due to an error:
[2020-12-01 18:30:23.174] [exthost] [error] Error: Agent terminated with exit code: 0 and signal null: A fatal error occurred. The required library libhostfxr.so could not be found.
If this is a self-contained application, that library should exist in [/root/.vscode/extensions/ms-vsliveshare.vsliveshare-1.0.3206/dotnet_modules/].
If this is a framework-dependent application, install the runtime in the global location [/usr/share/dotnet] or use the DOTNET_ROOT environment variable to specify the runtime location or register the runtime location in [/etc/dotnet/install_location].The .NET Core runtime can be found at:- https://aka.ms/dotnet-core-applaunch?missing_runtime=true&arch=x64&rid=ubuntu.20.04-x64
	at ChildProcess.<anonymous> (/root/.vscode/extensions/ms-vsliveshare.vsliveshare-1.0.3206/out/prod/extension-prod.js:151898:32)
	at ChildProcess.emit (events.js:228:7)
	at maybeClose (internal/child_process.js:1021:16)
	at Socket.<anonymous> (internal/child_process.js:430:11)
	at Socket.emit (events.js:223:5)
	at Pipe.<anonymous> (net.js:664:12)
[2020-12-01 18:30:23.177] [exthost] [info] ExtensionService#_doActivateExtension vscode.github {"startup":true,"extensionId":{"value":"vscode.github","_lower":"vscode.github"},"activationEvent":"*"}
[2020-12-01 18:30:23.177] [exthost] [info] ExtensionService#loadCommonJSModule file:///usr/share/code/resources/app/extensions/github/dist/extension.js
[2020-12-01 18:30:23.185] [exthost] [info] eager extensions activated
[2020-12-01 18:30:23.200] [exthost] [info] ExtensionService#_doActivateExtension dbaeumer.vscode-eslint {"startup":false,"extensionId":{"value":"dbaeumer.vscode-eslint","_lower":"dbaeumer.vscode-eslint"},"activationEvent":"onStartupFinished"}
[2020-12-01 18:30:23.200] [exthost] [info] ExtensionService#loadCommonJSModule file:///root/.vscode/extensions/dbaeumer.vscode-eslint-2.1.13/client/out/extension
[2020-12-01 18:30:23.214] [exthost] [info] ExtensionService#_doActivateExtension esbenp.prettier-vscode {"startup":false,"extensionId":{"value":"esbenp.prettier-vscode","_lower":"esbenp.prettier-vscode"},"activationEvent":"onStartupFinished"}
[2020-12-01 18:30:23.214] [exthost] [info] ExtensionService#loadCommonJSModule file:///root/.vscode/extensions/esbenp.prettier-vscode-5.8.0/dist/extension
[2020-12-01 18:30:23.298] [exthost] [info] ExtensionService#_doActivateExtension ms-toolsai.jupyter {"startup":false,"extensionId":{"value":"littlefoxteam.vscode-python-test-adapter","_lower":"littlefoxteam.vscode-python-test-adapter"},"activationEvent":"onStartupFinished"}
[2020-12-01 18:30:23.298] [exthost] [info] ExtensionService#loadCommonJSModule file:///root/.vscode/extensions/ms-toolsai.jupyter-2020.11.392013122/out/client/extension
[2020-12-01 18:30:23.486] [exthost] [info] ExtensionService#_doActivateExtension ms-vscode-remote.remote-containers {"startup":false,"extensionId":{"value":"ms-vscode-remote.remote-containers","_lower":"ms-vscode-remote.remote-containers"},"activationEvent":"onStartupFinished"}
[2020-12-01 18:30:23.486] [exthost] [info] ExtensionService#loadCommonJSModule file:///root/.vscode/extensions/ms-vscode-remote.remote-containers-0.145.1/dist/extension
[2020-12-01 18:30:24.934] [exthost] [info] ExtensionService#_doActivateExtension ms-python.python {"startup":false,"extensionId":{"value":"littlefoxteam.vscode-python-test-adapter","_lower":"littlefoxteam.vscode-python-test-adapter"},"activationEvent":"onStartupFinished"}
[2020-12-01 18:30:24.934] [exthost] [info] ExtensionService#loadCommonJSModule file:///root/.vscode/extensions/ms-python.python-2020.11.371526539/out/client/extension
[2020-12-01 18:30:25.787] [exthost] [info] ExtensionService#_doActivateExtension littlefoxteam.vscode-python-test-adapter {"startup":false,"extensionId":{"value":"littlefoxteam.vscode-python-test-adapter","_lower":"littlefoxteam.vscode-python-test-adapter"},"activationEvent":"onStartupFinished"}
[2020-12-01 18:30:25.790] [exthost] [info] ExtensionService#loadCommonJSModule file:///root/.vscode/extensions/littlefoxteam.vscode-python-test-adapter-0.6.3/out/src/main.js
[2020-12-01 18:33:26.291] [exthost] [info] ExtensionService#_doActivateExtension vscode.extension-editing {"startup":false,"extensionId":{"value":"vscode.extension-editing","_lower":"vscode.extension-editing"},"activationEvent":"onLanguage:typescript"}
[2020-12-01 18:33:26.291] [exthost] [info] ExtensionService#loadCommonJSModule file:///usr/share/code/resources/app/extensions/extension-editing/dist/extensionEditingMain
[2020-12-01 18:33:26.385] [exthost] [info] ExtensionService#_doActivateExtension VisualStudioExptTeam.vscodeintellicode {"startup":false,"extensionId":{"value":"VisualStudioExptTeam.vscodeintellicode","_lower":"visualstudioexptteam.vscodeintellicode"},"activationEvent":"onLanguage:typescript"}
[2020-12-01 18:33:26.398] [exthost] [info] ExtensionService#loadCommonJSModule file:///root/.vscode/extensions/visualstudioexptteam.vscodeintellicode-1.2.10/dist/intellicode
