[2020-12-01 18:30:15.017] [renderer1] [error] [File Watcher (node.js)] Error: ENOENT: no such file or directory, stat '/home/rodrigo/ingaialab/~/.vscode-root/User'
[2020-12-01 18:30:15.017] [renderer1] [error] [File Watcher (node.js)] Error: ENOENT: no such file or directory, stat '/home/rodrigo/ingaialab/~/.vscode-root/User'
[2020-12-01 18:30:15.017] [renderer1] [error] Error: [File Watcher (node.js)] Error: ENOENT: no such file or directory, stat '/home/rodrigo/ingaialab/~/.vscode-root/logs/20201201T180303'
[2020-12-01 18:30:15.017] [renderer1] [error] [File Watcher (node.js)] Error: ENOENT: no such file or directory, stat '/home/rodrigo/ingaialab/~/.vscode-root/logs/20201201T180303'
[2020-12-01 18:30:15.017] [renderer1] [error] connect ENOENT /home/rodrigo/ingaialab/~/.vscode-root/1.50.1-shared.sock: Error: connect ENOENT /home/rodrigo/ingaialab/~/.vscode-root/1.50.1-shared.sock
    at PipeConnectWrap.afterConnect [as oncomplete] (net.js:1134:16)
[2020-12-01 18:30:15.048] [renderer1] [error] connect ENOENT /home/rodrigo/ingaialab/~/.vscode-root/1.50.1-shared.sock: Unknown (UserDataSyncError) syncResource:unknown operationId:unknown: connect ENOENT /home/rodrigo/ingaialab/~/.vscode-root/1.50.1-shared.sock
    at Function.e.toUserDataSyncError (file:///usr/share/code/resources/app/out/vs/workbench/workbench.desktop.main.js:2872:881)
    at file:///usr/share/code/resources/app/out/vs/workbench/workbench.desktop.main.js:6135:163
[2020-12-01 18:30:15.049] [renderer1] [error] connect ENOENT /home/rodrigo/ingaialab/~/.vscode-root/1.50.1-shared.sock: Error: connect ENOENT /home/rodrigo/ingaialab/~/.vscode-root/1.50.1-shared.sock
    at PipeConnectWrap.afterConnect [as oncomplete] (net.js:1134:16)
[2020-12-01 18:30:17.031] [renderer1] [error] connect ENOENT /home/rodrigo/ingaialab/~/.vscode-root/1.50.1-shared.sock: Error: connect ENOENT /home/rodrigo/ingaialab/~/.vscode-root/1.50.1-shared.sock
    at PipeConnectWrap.afterConnect [as oncomplete] (net.js:1134:16)
[2020-12-01 18:30:17.222] [renderer1] [error] Error: connect ENOENT /home/rodrigo/ingaialab/~/.vscode-root/1.50.1-shared.sock
    at PipeConnectWrap.afterConnect [as oncomplete] (net.js:1134:16)
[2020-12-01 18:30:21.814] [renderer1] [error] Error: connect ENOENT /home/rodrigo/ingaialab/~/.vscode-root/1.50.1-shared.sock
    at PipeConnectWrap.afterConnect [as oncomplete] (net.js:1134:16)
[2020-12-01 18:30:21.818] [renderer1] [warning] Settings Sync: Accounts are not initialized
[2020-12-01 18:30:25.440] [renderer1] [error] ENOENT: no such file or directory, unlink '/root/.local/share/vsliveshare/cascade.json': Error: ENOENT: no such file or directory, unlink '/root/.local/share/vsliveshare/cascade.json'
[2020-12-01 18:30:29.707] [renderer1] [error] connect ENOENT /home/rodrigo/ingaialab/~/.vscode-root/1.50.1-shared.sock: Error: connect ENOENT /home/rodrigo/ingaialab/~/.vscode-root/1.50.1-shared.sock
    at PipeConnectWrap.afterConnect [as oncomplete] (net.js:1134:16)
[2020-12-01 18:32:18.554] [renderer1] [error] connect ENOENT /home/rodrigo/ingaialab/~/.vscode-root/1.50.1-shared.sock: Error: connect ENOENT /home/rodrigo/ingaialab/~/.vscode-root/1.50.1-shared.sock
    at PipeConnectWrap.afterConnect [as oncomplete] (net.js:1134:16)
[2020-12-01 18:32:53.099] [renderer1] [error] connect ENOENT /home/rodrigo/ingaialab/~/.vscode-root/1.50.1-shared.sock: Error: connect ENOENT /home/rodrigo/ingaialab/~/.vscode-root/1.50.1-shared.sock
    at PipeConnectWrap.afterConnect [as oncomplete] (net.js:1134:16)
[2020-12-01 18:33:24.270] [renderer1] [error] connect ENOENT /home/rodrigo/ingaialab/~/.vscode-root/1.50.1-shared.sock: Error: connect ENOENT /home/rodrigo/ingaialab/~/.vscode-root/1.50.1-shared.sock
    at PipeConnectWrap.afterConnect [as oncomplete] (net.js:1134:16)
[2020-12-01 18:33:44.556] [renderer1] [error] connect ENOENT /home/rodrigo/ingaialab/~/.vscode-root/1.50.1-shared.sock: Error: connect ENOENT /home/rodrigo/ingaialab/~/.vscode-root/1.50.1-shared.sock
    at PipeConnectWrap.afterConnect [as oncomplete] (net.js:1134:16)
