Looking for git in: git
Using git 2.25.1 from git
> git rev-parse --git-dir
Open repository: /home/rodrigo/ingaialab
> git status -z -u
> git symbolic-ref --short HEAD
> git rev-parse master
> git rev-parse --symbolic-full-name master@{u}
fatal: no upstream configured for branch 'master'
> git for-each-ref --sort -committerdate --format %(refname) %(objectname)
> git remote --verbose
> git config --get commit.template
> git check-ignore -v -z --stdin
> git check-ignore -v -z --stdin
> git check-ignore -v -z --stdin
> git status -z -u
> git symbolic-ref --short HEAD
> git rev-parse master
> git rev-parse --symbolic-full-name master@{u}
fatal: no upstream configured for branch 'master'
> git for-each-ref --sort -committerdate --format %(refname) %(objectname)
> git remote --verbose
> git config --get commit.template
> git show --textconv :README.md
> git ls-files --stage -- /home/rodrigo/ingaialab/README.md
> git cat-file -s 8807ae39869dfa268cd92dd1534cb3730a70b0e7
> git status -z -u
> git symbolic-ref --short HEAD
> git rev-parse master
> git rev-parse --symbolic-full-name master@{u}
fatal: no upstream configured for branch 'master'
> git for-each-ref --sort -committerdate --format %(refname) %(objectname)
> git remote --verbose
> git config --get commit.template
> git status -z -u
> git symbolic-ref --short HEAD
> git rev-parse master
> git rev-parse --symbolic-full-name master@{u}
fatal: no upstream configured for branch 'master'
> git for-each-ref --sort -committerdate --format %(refname) %(objectname)
> git remote --verbose
> git config --get commit.template
> git status -z -u
> git symbolic-ref --short HEAD
> git rev-parse master
> git rev-parse --symbolic-full-name master@{u}
fatal: no upstream configured for branch 'master'
> git for-each-ref --sort -committerdate --format %(refname) %(objectname)
> git remote --verbose
> git config --get commit.template
> git status -z -u
> git symbolic-ref --short HEAD
> git rev-parse master
> git rev-parse --symbolic-full-name master@{u}
fatal: no upstream configured for branch 'master'
> git for-each-ref --sort -committerdate --format %(refname) %(objectname)
> git remote --verbose
> git config --get commit.template
> git status -z -u
> git symbolic-ref --short HEAD
> git rev-parse master
> git rev-parse --symbolic-full-name master@{u}
fatal: no upstream configured for branch 'master'
> git for-each-ref --sort -committerdate --format %(refname) %(objectname)
> git remote --verbose
> git config --get commit.template
> git check-ignore -v -z --stdin
> git status -z -u
> git symbolic-ref --short HEAD
> git rev-parse master
> git rev-parse --symbolic-full-name master@{u}
fatal: no upstream configured for branch 'master'
> git for-each-ref --sort -committerdate --format %(refname) %(objectname)
> git remote --verbose
> git config --get commit.template
> git status -z -u
> git symbolic-ref --short HEAD
> git rev-parse master
> git rev-parse --symbolic-full-name master@{u}
fatal: no upstream configured for branch 'master'
> git for-each-ref --sort -committerdate --format %(refname) %(objectname)
> git remote --verbose
> git config --get commit.template
> git check-ignore -v -z --stdin
> git show --textconv :src/infra/db/square-meters-repository/square-meters.ts
> git ls-files --stage -- /home/rodrigo/ingaialab/src/infra/db/square-meters-repository/square-meters.ts
> git cat-file -s c3619c4b0268852b4cc28047679a6d9186ae5e82
> git check-ignore -v -z --stdin
> git status -z -u
> git symbolic-ref --short HEAD
> git rev-parse master
> git rev-parse --symbolic-full-name master@{u}
fatal: no upstream configured for branch 'master'
> git for-each-ref --sort -committerdate --format %(refname) %(objectname)
> git remote --verbose
> git config --get commit.template
> git check-ignore -v -z --stdin
> git check-ignore -v -z --stdin
> git status -z -u
> git symbolic-ref --short HEAD
> git rev-parse master
> git rev-parse --symbolic-full-name master@{u}
fatal: no upstream configured for branch 'master'
> git for-each-ref --sort -committerdate --format %(refname) %(objectname)
> git remote --verbose
> git config --get commit.template
> git ls-files --stage -- /home/rodrigo/ingaialab/src/infra/db/square-meters-repository/square-meters.ts
> git cat-file -s c3619c4b0268852b4cc28047679a6d9186ae5e82
> git show --textconv :src/infra/db/square-meters-repository/square-meters.ts
> git status -z -u
> git symbolic-ref --short HEAD
> git rev-parse master
> git rev-parse --symbolic-full-name master@{u}
fatal: no upstream configured for branch 'master'
> git for-each-ref --sort -committerdate --format %(refname) %(objectname)
> git remote --verbose
> git config --get commit.template
> git status -z -u
> git symbolic-ref --short HEAD
> git rev-parse master
> git rev-parse --symbolic-full-name master@{u}
fatal: no upstream configured for branch 'master'
> git for-each-ref --sort -committerdate --format %(refname) %(objectname)
> git remote --verbose
> git ls-files --stage -- /home/rodrigo/ingaialab/src/infra/db/square-meters-repository/square-meters.ts
> git config --get commit.template
> git cat-file -s c3619c4b0268852b4cc28047679a6d9186ae5e82
> git show --textconv :src/infra/db/square-meters-repository/square-meters.ts
> git show --textconv :src/data/protocols/calc-property-price-repository.ts
> git ls-files --stage -- /home/rodrigo/ingaialab/src/data/protocols/calc-property-price-repository.ts
> git cat-file -s 4e6a113ea86bf709746a401c19d645030ac97bb2
> git show --textconv :src/infra/db/square-meters-repository/square-meters.ts
> git ls-files --stage -- /home/rodrigo/ingaialab/src/infra/db/square-meters-repository/square-meters.ts
> git cat-file -s c3619c4b0268852b4cc28047679a6d9186ae5e82
> git check-ignore -v -z --stdin
> git check-ignore -v -z --stdin
> git show --textconv :src/presentation/controllers/square-meter.ts
> git ls-files --stage -- /home/rodrigo/ingaialab/src/presentation/controllers/square-meter.ts
> git cat-file -s 58d97cc985176f3959085bc84b93abb02435d342
> git show --textconv :src/presentation/controllers/property.ts
> git ls-files --stage -- /home/rodrigo/ingaialab/src/presentation/controllers/property.ts
> git cat-file -s ba788f1a2644340e9a7235a0c37e4b9a010cbc0d
> git show --textconv :src/infra/db/square-meters-repository/square-meters.ts
> git ls-files --stage -- /home/rodrigo/ingaialab/src/infra/db/square-meters-repository/square-meters.ts
> git cat-file -s c3619c4b0268852b4cc28047679a6d9186ae5e82
> git check-ignore -v -z --stdin
> git check-ignore -v -z --stdin
> git show --textconv :src/main/factories/square-meters.ts
> git ls-files --stage -- /home/rodrigo/ingaialab/src/main/factories/square-meters.ts
> git cat-file -s 2db644188387ed1d7eefcf1e035e557f01068eb1
> git check-ignore -v -z --stdin
> git show --textconv :src/presentation/controllers/property.ts
> git ls-files --stage -- /home/rodrigo/ingaialab/src/presentation/controllers/property.ts
> git cat-file -s ba788f1a2644340e9a7235a0c37e4b9a010cbc0d
> git show --textconv :src/data/protocols/calc-property-price-repository.ts
> git ls-files --stage -- /home/rodrigo/ingaialab/src/data/protocols/calc-property-price-repository.ts
> git cat-file -s 4e6a113ea86bf709746a401c19d645030ac97bb2
> git check-ignore -v -z --stdin
> git show --textconv :src/data/usecases/calc-property-price/db-calc-property-price-protocols.ts
> git ls-files --stage -- /home/rodrigo/ingaialab/src/data/usecases/calc-property-price/db-calc-property-price-protocols.ts
> git cat-file -s 81f33054c91aa94db29822b7b20efab89b76684d
> git show --textconv :src/data/usecases/calc-property-price/db-calc-property-price.ts
> git ls-files --stage -- /home/rodrigo/ingaialab/src/data/usecases/calc-property-price/db-calc-property-price.ts
> git cat-file -s 3c08be2a91c5cbd18921dcd33873a5716fc460f8
> git show --textconv :src/data/protocols/calc-property-price-repository.ts
> git ls-files --stage -- /home/rodrigo/ingaialab/src/data/protocols/calc-property-price-repository.ts
> git cat-file -s 4e6a113ea86bf709746a401c19d645030ac97bb2
> git check-ignore -v -z --stdin
> git check-ignore -v -z --stdin
> git show --textconv :src/domain/usecases/get-square-meters.ts
> git ls-files --stage -- /home/rodrigo/ingaialab/src/domain/usecases/get-square-meters.ts
> git cat-file -s 4690210bf54acf9d3700c1dad1920e42c3267e3d
> git show --textconv :src/domain/usecases/calc-property-price.ts
> git ls-files --stage -- /home/rodrigo/ingaialab/src/domain/usecases/calc-property-price.ts
> git cat-file -s 1e0d93dd4d3bc37f3fa1fef23a139d261bb81c65
> git check-ignore -v -z --stdin
> git show --textconv :src/infra/db/property-repository/property.ts
> git ls-files --stage -- /home/rodrigo/ingaialab/src/infra/db/property-repository/property.ts
> git cat-file -s edbc6e956feffefb63680014bec4602a1ee29573
> git show --textconv :src/infra/db/square-meters-repository/square-meters.ts
> git ls-files --stage -- /home/rodrigo/ingaialab/src/infra/db/square-meters-repository/square-meters.ts
> git cat-file -s c3619c4b0268852b4cc28047679a6d9186ae5e82
> git show --textconv :src/data/protocols/calc-property-price-repository.ts
> git ls-files --stage -- /home/rodrigo/ingaialab/src/data/protocols/calc-property-price-repository.ts
> git cat-file -s 4e6a113ea86bf709746a401c19d645030ac97bb2
> git show --textconv :src/data/protocols/get-square-meters-repository.ts
> git ls-files --stage -- /home/rodrigo/ingaialab/src/data/protocols/get-square-meters-repository.ts
> git check-ignore -v -z --stdin
> git status -z -u
> git symbolic-ref --short HEAD
> git rev-parse master
> git rev-parse --symbolic-full-name master@{u}
fatal: no upstream configured for branch 'master'
> git for-each-ref --sort -committerdate --format %(refname) %(objectname)
> git remote --verbose
> git config --get commit.template
> git show --textconv :src/data/protocols/calc-property-price-repository.ts
> git ls-files --stage -- /home/rodrigo/ingaialab/src/data/protocols/calc-property-price-repository.ts
> git cat-file -s 4e6a113ea86bf709746a401c19d645030ac97bb2
> git show --textconv :src/data/protocols/get-square-meters-repository.ts
> git ls-files --stage -- /home/rodrigo/ingaialab/src/data/protocols/get-square-meters-repository.ts
> git show --textconv :src/data/protocols/calc-property-price-repository.ts
> git ls-files --stage -- /home/rodrigo/ingaialab/src/data/protocols/calc-property-price-repository.ts
> git cat-file -s 4e6a113ea86bf709746a401c19d645030ac97bb2
> git show --textconv :src/data/protocols/get-square-meters-repository.ts
> git ls-files --stage -- /home/rodrigo/ingaialab/src/data/protocols/get-square-meters-repository.ts
> git status -z -u
> git symbolic-ref --short HEAD
> git rev-parse master
> git rev-parse --symbolic-full-name master@{u}
fatal: no upstream configured for branch 'master'
> git for-each-ref --sort -committerdate --format %(refname) %(objectname)
> git remote --verbose
> git show --textconv :src/data/protocols/calc-property-price-repository.ts
> git ls-files --stage -- /home/rodrigo/ingaialab/src/data/protocols/calc-property-price-repository.ts
> git config --get commit.template
> git cat-file -s 4e6a113ea86bf709746a401c19d645030ac97bb2
> git show --textconv :src/infra/db/square-meters-repository/square-meters.ts
> git ls-files --stage -- /home/rodrigo/ingaialab/src/infra/db/square-meters-repository/square-meters.ts
> git cat-file -s c3619c4b0268852b4cc28047679a6d9186ae5e82
> git status -z -u
> git symbolic-ref --short HEAD
> git rev-parse master
> git rev-parse --symbolic-full-name master@{u}
fatal: no upstream configured for branch 'master'
> git for-each-ref --sort -committerdate --format %(refname) %(objectname)
> git remote --verbose
> git config --get commit.template
> git show --textconv :src/data/protocols/calc-property-price-repository.ts
> git ls-files --stage -- /home/rodrigo/ingaialab/src/data/protocols/calc-property-price-repository.ts
> git cat-file -s 4e6a113ea86bf709746a401c19d645030ac97bb2
> git show --textconv :src/data/protocols/get-square-meters-repository.ts
> git ls-files --stage -- /home/rodrigo/ingaialab/src/data/protocols/get-square-meters-repository.ts
> git show --textconv :src/data/protocols/calc-property-price-repository.ts
> git ls-files --stage -- /home/rodrigo/ingaialab/src/data/protocols/calc-property-price-repository.ts
> git cat-file -s 4e6a113ea86bf709746a401c19d645030ac97bb2
> git show --textconv :src/data/protocols/get-square-meters-repository.ts
> git ls-files --stage -- /home/rodrigo/ingaialab/src/data/protocols/get-square-meters-repository.ts
> git status -z -u
> git symbolic-ref --short HEAD
> git rev-parse master
> git rev-parse --symbolic-full-name master@{u}
fatal: no upstream configured for branch 'master'
> git for-each-ref --sort -committerdate --format %(refname) %(objectname)
> git remote --verbose
> git config --get commit.template
> git show --textconv :src/infra/db/square-meters-repository/square-meters.ts
> git ls-files --stage -- /home/rodrigo/ingaialab/src/infra/db/square-meters-repository/square-meters.ts
> git cat-file -s c3619c4b0268852b4cc28047679a6d9186ae5e82
> git status -z -u
> git symbolic-ref --short HEAD
> git rev-parse master
> git rev-parse --symbolic-full-name master@{u}
fatal: no upstream configured for branch 'master'
> git for-each-ref --sort -committerdate --format %(refname) %(objectname)
> git remote --verbose
> git config --get commit.template
> git status -z -u
> git symbolic-ref --short HEAD
> git rev-parse master
> git rev-parse --symbolic-full-name master@{u}
fatal: no upstream configured for branch 'master'
> git for-each-ref --sort -committerdate --format %(refname) %(objectname)
> git remote --verbose
> git config --get commit.template
> git status -z -u
> git symbolic-ref --short HEAD
> git rev-parse master
> git rev-parse --symbolic-full-name master@{u}
fatal: no upstream configured for branch 'master'
> git for-each-ref --sort -committerdate --format %(refname) %(objectname)
> git remote --verbose
> git config --get commit.template
> git show --textconv :src/main/factories/square-meters.ts
> git ls-files --stage -- /home/rodrigo/ingaialab/src/main/factories/square-meters.ts
> git cat-file -s 2db644188387ed1d7eefcf1e035e557f01068eb1
> git check-ignore -v -z --stdin
> git status -z -u
> git symbolic-ref --short HEAD
> git rev-parse master
> git rev-parse --symbolic-full-name master@{u}
fatal: no upstream configured for branch 'master'
> git for-each-ref --sort -committerdate --format %(refname) %(objectname)
> git remote --verbose
> git config --get commit.template
> git show --textconv :src/data/usecases/get-square-meters/db-get-square-meters.ts
> git ls-files --stage -- /home/rodrigo/ingaialab/src/data/usecases/get-square-meters/db-get-square-meters.ts
> git check-ignore -v -z --stdin
> git status -z -u
> git symbolic-ref --short HEAD
> git rev-parse master
> git rev-parse --symbolic-full-name master@{u}
fatal: no upstream configured for branch 'master'
> git for-each-ref --sort -committerdate --format %(refname) %(objectname)
> git remote --verbose
> git config --get commit.template
> git show --textconv :src/data/usecases/calc-property-price/db-calc-property-price.ts
> git ls-files --stage -- /home/rodrigo/ingaialab/src/data/usecases/calc-property-price/db-calc-property-price.ts
> git cat-file -s 3c08be2a91c5cbd18921dcd33873a5716fc460f8
> git show --textconv :src/data/usecases/get-square-meters/db-get-square-meters.ts
> git ls-files --stage -- /home/rodrigo/ingaialab/src/data/usecases/get-square-meters/db-get-square-meters.ts
> git check-ignore -v -z --stdin
> git check-ignore -v -z --stdin
> git check-ignore -v -z --stdin
> git status -z -u
> git symbolic-ref --short HEAD
> git rev-parse master
> git rev-parse --symbolic-full-name master@{u}
fatal: no upstream configured for branch 'master'
> git for-each-ref --sort -committerdate --format %(refname) %(objectname)
> git remote --verbose
> git config --get commit.template
> git show --textconv :src/tests/square-meters-repository.spec.ts
> git ls-files --stage -- /home/rodrigo/ingaialab/src/tests/square-meters-repository.spec.ts
> git cat-file -s fed751ba14a487f4706dc776912542e2c138994e
> git show --textconv :src/infra/db/square-meters-repository/square-meters.ts
> git ls-files --stage -- /home/rodrigo/ingaialab/src/infra/db/square-meters-repository/square-meters.ts
> git cat-file -s c3619c4b0268852b4cc28047679a6d9186ae5e82
> git show --textconv :src/tests/square-meters-repository.spec.ts
> git ls-files --stage -- /home/rodrigo/ingaialab/src/tests/square-meters-repository.spec.ts
> git cat-file -s fed751ba14a487f4706dc776912542e2c138994e
> git show --textconv :src/infra/db/square-meters-repository/square-meters.ts
> git ls-files --stage -- /home/rodrigo/ingaialab/src/infra/db/square-meters-repository/square-meters.ts
> git cat-file -s c3619c4b0268852b4cc28047679a6d9186ae5e82
> git show --textconv :src/data/protocols/get-square-meters-repository.ts
> git ls-files --stage -- /home/rodrigo/ingaialab/src/data/protocols/get-square-meters-repository.ts
> git status -z -u
> git symbolic-ref --short HEAD
> git rev-parse master
> git rev-parse --symbolic-full-name master@{u}
fatal: no upstream configured for branch 'master'
> git for-each-ref --sort -committerdate --format %(refname) %(objectname)
> git remote --verbose
> git config --get commit.template
> git show --textconv :src/data/usecases/get-square-meters/db-get-square-meters.ts
> git ls-files --stage -- /home/rodrigo/ingaialab/src/data/usecases/get-square-meters/db-get-square-meters.ts
> git show --textconv :src/main/factories/square-meters.ts
> git ls-files --stage -- /home/rodrigo/ingaialab/src/main/factories/square-meters.ts
> git cat-file -s 2db644188387ed1d7eefcf1e035e557f01068eb1
> git status -z -u
> git symbolic-ref --short HEAD
> git rev-parse master
> git rev-parse --symbolic-full-name master@{u}
fatal: no upstream configured for branch 'master'
> git for-each-ref --sort -committerdate --format %(refname) %(objectname)
> git remote --verbose
> git config --get commit.template
> git show --textconv :src/data/usecases/get-square-meters/db-get-square-meters.ts
> git ls-files --stage -- /home/rodrigo/ingaialab/src/data/usecases/get-square-meters/db-get-square-meters.ts
> git status -z -u
> git symbolic-ref --short HEAD
> git rev-parse master
> git rev-parse --symbolic-full-name master@{u}
fatal: no upstream configured for branch 'master'
> git for-each-ref --sort -committerdate --format %(refname) %(objectname)
> git remote --verbose
> git config --get commit.template
> git show --textconv :src/main/factories/square-meters.ts
> git ls-files --stage -- /home/rodrigo/ingaialab/src/main/factories/square-meters.ts
> git cat-file -s 2db644188387ed1d7eefcf1e035e557f01068eb1
> git status -z -u
> git symbolic-ref --short HEAD
> git rev-parse master
> git rev-parse --symbolic-full-name master@{u}
fatal: no upstream configured for branch 'master'
> git for-each-ref --sort -committerdate --format %(refname) %(objectname)
> git remote --verbose
> git config --get commit.template
> git show --textconv :src/data/usecases/get-square-meters/db-get-square-meters.ts
> git ls-files --stage -- /home/rodrigo/ingaialab/src/data/usecases/get-square-meters/db-get-square-meters.ts
> git show --textconv :src/data/protocols/get-square-meters-repository.ts
> git ls-files --stage -- /home/rodrigo/ingaialab/src/data/protocols/get-square-meters-repository.ts
> git status -z -u
> git symbolic-ref --short HEAD
> git rev-parse master
> git rev-parse --symbolic-full-name master@{u}
fatal: no upstream configured for branch 'master'
> git for-each-ref --sort -committerdate --format %(refname) %(objectname)
> git remote --verbose
> git config --get commit.template
> git status -z -u
> git symbolic-ref --short HEAD
> git rev-parse master
> git rev-parse --symbolic-full-name master@{u}
fatal: no upstream configured for branch 'master'
> git for-each-ref --sort -committerdate --format %(refname) %(objectname)
> git remote --verbose
> git config --get commit.template
> git status -z -u
> git symbolic-ref --short HEAD
> git rev-parse master
> git rev-parse --symbolic-full-name master@{u}
fatal: no upstream configured for branch 'master'
> git for-each-ref --sort -committerdate --format %(refname) %(objectname)
> git remote --verbose
> git config --get commit.template
> git status -z -u
> git symbolic-ref --short HEAD
> git rev-parse master
> git rev-parse --symbolic-full-name master@{u}
fatal: no upstream configured for branch 'master'
> git for-each-ref --sort -committerdate --format %(refname) %(objectname)
> git remote --verbose
> git config --get commit.template
> git status -z -u
> git symbolic-ref --short HEAD
> git rev-parse master
> git rev-parse --symbolic-full-name master@{u}
fatal: no upstream configured for branch 'master'
> git for-each-ref --sort -committerdate --format %(refname) %(objectname)
> git remote --verbose
> git config --get commit.template
