Initializing document watcher...
ingaialab/README.md: {}
ingaialab/src/infra/db/square-meters-repository/square-meters.ts: {}
ingaialab/src/data/protocols/calc-property-price-repository.ts: {}
ingaialab/src/infra/db/square-meters-repository/square-meters.ts: {}
ingaialab/src/presentation/controllers/square-meter.ts: {}
ingaialab/src/presentation/controllers/property.ts: {}
ingaialab/src/infra/db/square-meters-repository/square-meters.ts: {}
ingaialab/src/infra/db/square-meters-repository/square-meters.ts: {}
ingaialab/src/main/factories/square-meters.ts: {}
ingaialab/src/presentation/controllers/property.ts: {}
ingaialab/src/data/protocols/calc-property-price-repository.ts: {}
ingaialab/src/data/usecases/calc-property-price/db-calc-property-price-protocols.ts: {}
ingaialab/src/data/usecases/calc-property-price/db-calc-property-price.ts: {}
ingaialab/src/data/protocols/calc-property-price-repository.ts: {}
ingaialab/src/domain/usecases/get-square-meters.ts: {}
ingaialab/src/domain/usecases/calc-property-price.ts: {}
ingaialab/src/infra/db/property-repository/property.ts: {}
ingaialab/src/infra/db/square-meters-repository/square-meters.ts: {}
ingaialab/src/infra/db/square-meters-repository/square-meters.ts: {}
ingaialab/src/data/protocols/calc-property-price-repository.ts: {}
ingaialab/src/data/protocols/get-square-meters-repository.ts: {}
ingaialab/src/data/protocols/calc-property-price-repository.ts: {}
ingaialab/src/data/protocols/get-square-meters-repository.ts: {}
ingaialab/src/data/protocols/calc-property-price-repository.ts: {}
ingaialab/src/data/protocols/get-square-meters-repository.ts: {}
ingaialab/src/data/protocols/get-square-meters-repository.ts: Using EditorConfig core...
ingaialab/src/data/protocols/calc-property-price-repository.ts: {}
ingaialab/src/infra/db/square-meters-repository/square-meters.ts: {}
ingaialab/src/infra/db/square-meters-repository/square-meters.ts: Using EditorConfig core...
ingaialab/src/data/protocols/calc-property-price-repository.ts: {}
ingaialab/src/data/protocols/get-square-meters-repository.ts: {}
ingaialab/src/data/protocols/calc-property-price-repository.ts: {}
ingaialab/src/data/protocols/get-square-meters-repository.ts: {}
ingaialab/src/data/protocols/get-square-meters-repository.ts: Using EditorConfig core...
ingaialab/src/infra/db/square-meters-repository/square-meters.ts: {}
ingaialab/src/infra/db/square-meters-repository/square-meters.ts: Using EditorConfig core...
ingaialab/src/main/factories/square-meters.ts: {}
ingaialab/src/data/usecases/get-square-meters/db-get-square-meters.ts: {}
ingaialab/src/data/usecases/calc-property-price/db-calc-property-price.ts: {}
ingaialab/src/data/usecases/get-square-meters/db-get-square-meters.ts: {}
ingaialab/src/data/usecases/get-square-meters/db-get-square-meters.ts: {}
ingaialab/src/data/usecases/get-square-meters/db-get-square-meters.ts: {}
ingaialab/src/data/usecases/get-square-meters/db-get-square-meters.ts: {}
ingaialab/src/data/usecases/get-square-meters/db-get-square-meters.ts: {}
ingaialab/src/data/usecases/get-square-meters/db-get-square-meters.ts: Using EditorConfig core...
ingaialab/src/tests/square-meters-repository.spec.ts: {}
ingaialab/src/infra/db/square-meters-repository/square-meters.ts: {}
ingaialab/src/tests/square-meters-repository.spec.ts: {}
ingaialab/src/infra/db/square-meters-repository/square-meters.ts: {}
ingaialab/src/data/protocols/get-square-meters-repository.ts: {}
ingaialab/src/data/protocols/get-square-meters-repository.ts: Using EditorConfig core...
ingaialab/src/data/usecases/get-square-meters/db-get-square-meters.ts: {}
ingaialab/src/data/usecases/get-square-meters/db-get-square-meters.ts: Using EditorConfig core...
ingaialab/src/main/factories/square-meters.ts: {}
ingaialab/src/data/usecases/get-square-meters/db-get-square-meters.ts: {}
ingaialab/src/data/usecases/get-square-meters/db-get-square-meters.ts: Using EditorConfig core...
ingaialab/src/main/factories/square-meters.ts: {}
ingaialab/src/main/factories/square-meters.ts: Using EditorConfig core...
ingaialab/src/data/usecases/get-square-meters/db-get-square-meters.ts: {}
ingaialab/src/data/protocols/get-square-meters-repository.ts: {}
ingaialab/src/data/protocols/get-square-meters-repository.ts: {}
